<?xml version="1.0" encoding="UTF-8"?>
<testsuite name="com.bontecou.syncmd.fixtures.GitFixtureFactoryTest" tests="9" skipped="0" failures="0" errors="0" timestamp="2026-03-31T15:04:17.308Z" hostname="CodyBontecoum1.local" time="0.756">
  <properties/>
  <testcase name="createConflictedRepo has merge marker files" classname="com.bontecou.syncmd.fixtures.GitFixtureFactoryTest" time="0.066"/>
  <testcase name="multiple repos can be created without collision" classname="com.bontecou.syncmd.fixtures.GitFixtureFactoryTest" time="0.176"/>
  <testcase name="createCleanRepo repos are actually clean" classname="com.bontecou.syncmd.fixtures.GitFixtureFactoryTest" time="0.062"/>
  <testcase name="createDivergedRepo exists and has git directory" classname="com.bontecou.syncmd.fixtures.GitFixtureFactoryTest" time="0.086"/>
  <testcase name="createConflictedRepo exists and has git directory" classname="com.bontecou.syncmd.fixtures.GitFixtureFactoryTest" time="0.066"/>
  <testcase name="cleanup removes all created repos" classname="com.bontecou.syncmd.fixtures.GitFixtureFactoryTest" time="0.117"/>
  <testcase name="createCleanRepo returns valid repo path" classname="com.bontecou.syncmd.fixtures.GitFixtureFactoryTest" time="0.058"/>
  <testcase name="createDirtyRepo has uncommitted changes" classname="com.bontecou.syncmd.fixtures.GitFixtureFactoryTest" time="0.062"/>
  <testcase name="createDirtyRepo includes a test file" classname="com.bontecou.syncmd.fixtures.GitFixtureFactoryTest" time="0.063"/>
  <system-out><![CDATA[]]></system-out>
  <system-err><![CDATA[]]></system-err>
</testsuite>
