<?xml version="1.0" encoding="UTF-8"?>
<testsuite name="com.bontecou.syncmd.services.git.ConflictServiceTest" tests="11" skipped="0" failures="0" errors="0" timestamp="2026-03-31T12:01:18.060Z" hostname="CodyBontecoum1.local" time="0.975">
  <properties/>
  <testcase name="getConflicts returns empty list when no merge" classname="com.bontecou.syncmd.services.git.ConflictServiceTest" time="0.082"/>
  <testcase name="completeMerge finalizes after resolution" classname="com.bontecou.syncmd.services.git.ConflictServiceTest" time="0.078"/>
  <testcase name="getUnresolvedCount returns correct number" classname="com.bontecou.syncmd.services.git.ConflictServiceTest" time="0.082"/>
  <testcase name="getConflicts returns list during merge" classname="com.bontecou.syncmd.services.git.ConflictServiceTest" time="0.092"/>
  <testcase name="resolveConflict with THEIRS strategy works" classname="com.bontecou.syncmd.services.git.ConflictServiceTest" time="0.088"/>
  <testcase name="isMergeInProgress returns false when clean" classname="com.bontecou.syncmd.services.git.ConflictServiceTest" time="0.121"/>
  <testcase name="getMergeState returns no merge when not merging" classname="com.bontecou.syncmd.services.git.ConflictServiceTest" time="0.093"/>
  <testcase name="resolveInteractively with custom content works" classname="com.bontecou.syncmd.services.git.ConflictServiceTest" time="0.085"/>
  <testcase name="resolveAllConflicts with OURS strategy resolves all" classname="com.bontecou.syncmd.services.git.ConflictServiceTest" time="0.087"/>
  <testcase name="markAllResolved clears conflicts" classname="com.bontecou.syncmd.services.git.ConflictServiceTest" time="0.083"/>
  <testcase name="abortMerge cancels merge" classname="com.bontecou.syncmd.services.git.ConflictServiceTest" time="0.083"/>
  <system-out><![CDATA[]]></system-out>
  <system-err><![CDATA[]]></system-err>
</testsuite>
