<?xml version="1.0" encoding="UTF-8"?>
<testsuite name="com.bontecou.syncmd.domain.repository.DiffRepositoryTest" tests="7" skipped="0" failures="0" errors="0" timestamp="2026-03-31T15:04:15.268Z" hostname="CodyBontecoum1.local" time="0.468">
  <properties/>
  <testcase name="getDiff returns empty list for clean repository" classname="com.bontecou.syncmd.domain.repository.DiffRepositoryTest" time="0.069"/>
  <testcase name="diff hunks contain correct line types" classname="com.bontecou.syncmd.domain.repository.DiffRepositoryTest" time="0.063"/>
  <testcase name="stageFile adds file to index" classname="com.bontecou.syncmd.domain.repository.DiffRepositoryTest" time="0.061"/>
  <testcase name="commit only commits staged files, not unstaged" classname="com.bontecou.syncmd.domain.repository.DiffRepositoryTest" time="0.061"/>
  <testcase name="unstageFile removes file from index" classname="com.bontecou.syncmd.domain.repository.DiffRepositoryTest" time="0.08"/>
  <testcase name="getDiff for single file returns only that file's diff" classname="com.bontecou.syncmd.domain.repository.DiffRepositoryTest" time="0.062"/>
  <testcase name="getDiff returns modified files when working tree has changes" classname="com.bontecou.syncmd.domain.repository.DiffRepositoryTest" time="0.072"/>
  <system-out><![CDATA[]]></system-out>
  <system-err><![CDATA[]]></system-err>
</testsuite>
