<?xml version="1.0" encoding="UTF-8"?>
<testsuite name="com.bontecou.syncmd.services.git.BranchServiceTest" tests="10" skipped="0" failures="0" errors="0" timestamp="2026-03-31T13:40:48.129Z" hostname="CodyBontecoum1.local" time="0.585">
  <properties/>
  <testcase name="getCurrentBranch returns HEAD branch" classname="com.bontecou.syncmd.services.git.BranchServiceTest" time="0.062"/>
  <testcase name="listBranches returns all branches" classname="com.bontecou.syncmd.services.git.BranchServiceTest" time="0.066"/>
  <testcase name="getLocalBranches returns only local branches" classname="com.bontecou.syncmd.services.git.BranchServiceTest" time="0.062"/>
  <testcase name="merge with PREFER_FF strategy succeeds" classname="com.bontecou.syncmd.services.git.BranchServiceTest" time="0.06"/>
  <testcase name="getDefaultBranch returns current branch name" classname="com.bontecou.syncmd.services.git.BranchServiceTest" time="0.057"/>
  <testcase name="branchExists returns true for existing branch" classname="com.bontecou.syncmd.services.git.BranchServiceTest" time="0.058"/>
  <testcase name="switchBranch fails when dirty" classname="com.bontecou.syncmd.services.git.BranchServiceTest" time="0.058"/>
  <testcase name="branchExists returns false for non-existing branch" classname="com.bontecou.syncmd.services.git.BranchServiceTest" time="0.053"/>
  <testcase name="deleteBranch removes branch" classname="com.bontecou.syncmd.services.git.BranchServiceTest" time="0.055"/>
  <testcase name="createBranch and switch to new branch" classname="com.bontecou.syncmd.services.git.BranchServiceTest" time="0.053"/>
  <system-out><![CDATA[]]></system-out>
  <system-err><![CDATA[]]></system-err>
</testsuite>
