<?xml version="1.0" encoding="UTF-8"?>
<testsuite name="com.bontecou.syncmd.domain.repository.BranchRepositoryTest" tests="9" skipped="0" failures="0" errors="0" timestamp="2026-03-31T12:01:11.624Z" hostname="CodyBontecoum1.local" time="0.854">
  <properties/>
  <testcase name="getCurrentBranch returns HEAD branch" classname="com.bontecou.syncmd.domain.repository.BranchRepositoryTest" time="0.164"/>
  <testcase name="merge creates merge commit when FF not possible" classname="com.bontecou.syncmd.domain.repository.BranchRepositoryTest" time="0.093"/>
  <testcase name="switchBranch changes current branch" classname="com.bontecou.syncmd.domain.repository.BranchRepositoryTest" time="0.086"/>
  <testcase name="deleteBranch fails when deleting current branch" classname="com.bontecou.syncmd.domain.repository.BranchRepositoryTest" time="0.087"/>
  <testcase name="createBranch creates new branch" classname="com.bontecou.syncmd.domain.repository.BranchRepositoryTest" time="0.086"/>
  <testcase name="switchBranch blocks when working tree is dirty" classname="com.bontecou.syncmd.domain.repository.BranchRepositoryTest" time="0.083"/>
  <testcase name="listBranches returns at least main branch" classname="com.bontecou.syncmd.domain.repository.BranchRepositoryTest" time="0.084"/>
  <testcase name="merge with FAST_FORWARD strategy merges without conflict" classname="com.bontecou.syncmd.domain.repository.BranchRepositoryTest" time="0.081"/>
  <testcase name="deleteBranch removes branch" classname="com.bontecou.syncmd.domain.repository.BranchRepositoryTest" time="0.09"/>
  <system-out><![CDATA[]]></system-out>
  <system-err><![CDATA[]]></system-err>
</testsuite>
