<?xml version="1.0" encoding="UTF-8"?>
<testsuite name="com.bontecou.syncmd.ProjectSetupTest" tests="7" skipped="0" failures="0" errors="0" timestamp="2026-03-31T11:36:02.189Z" hostname="CodyBontecoum1.local" time="0.034">
  <properties/>
  <testcase name="truth assertions available" classname="com.bontecou.syncmd.ProjectSetupTest" time="0.006"/>
  <testcase name="gson is available" classname="com.bontecou.syncmd.ProjectSetupTest" time="0.014"/>
  <testcase name="app version is accessible" classname="com.bontecou.syncmd.ProjectSetupTest" time="0.0"/>
  <testcase name="kotlin standard library is available" classname="com.bontecou.syncmd.ProjectSetupTest" time="0.007"/>
  <testcase name="core module builds successfully" classname="com.bontecou.syncmd.ProjectSetupTest" time="0.001"/>
  <testcase name="coroutines core is available" classname="com.bontecou.syncmd.ProjectSetupTest" time="0.005"/>
  <testcase name="mockito kotlin is available" classname="com.bontecou.syncmd.ProjectSetupTest" time="0.0"/>
  <system-out><![CDATA[]]></system-out>
  <system-err><![CDATA[]]></system-err>
</testsuite>
