<?xml version="1.0" encoding="UTF-8"?>
<testsuite name="com.bontecou.syncmd.services.git.HistoryServiceTest" tests="11" skipped="0" failures="0" errors="0" timestamp="2026-03-31T12:27:04.594Z" hostname="CodyBontecoum1.local" time="0.804">
  <properties/>
  <testcase name="createTag creates new tag" classname="com.bontecou.syncmd.services.git.HistoryServiceTest" time="0.072"/>
  <testcase name="getHistory returns list of commits" classname="com.bontecou.syncmd.services.git.HistoryServiceTest" time="0.078"/>
  <testcase name="revertCommit reverts a commit" classname="com.bontecou.syncmd.services.git.HistoryServiceTest" time="0.072"/>
  <testcase name="getStashCount returns correct number" classname="com.bontecou.syncmd.services.git.HistoryServiceTest" time="0.074"/>
  <testcase name="stashPop removes stash after applying" classname="com.bontecou.syncmd.services.git.HistoryServiceTest" time="0.07"/>
  <testcase name="listStashes returns all stashes" classname="com.bontecou.syncmd.services.git.HistoryServiceTest" time="0.072"/>
  <testcase name="getCommitCount returns total commits" classname="com.bontecou.syncmd.services.git.HistoryServiceTest" time="0.075"/>
  <testcase name="getLatestCommit returns most recent commit" classname="com.bontecou.syncmd.services.git.HistoryServiceTest" time="0.078"/>
  <testcase name="stash creates a new stash" classname="com.bontecou.syncmd.services.git.HistoryServiceTest" time="0.071"/>
  <testcase name="listTags shows created tags" classname="com.bontecou.syncmd.services.git.HistoryServiceTest" time="0.071"/>
  <testcase name="deleteTag removes tag" classname="com.bontecou.syncmd.services.git.HistoryServiceTest" time="0.071"/>
  <system-out><![CDATA[]]></system-out>
  <system-err><![CDATA[]]></system-err>
</testsuite>
