<?xml version="1.0" encoding="UTF-8"?>
<testsuite name="com.bontecou.syncmd.services.git.PullServiceTest" tests="11" skipped="0" failures="0" errors="0" timestamp="2026-03-31T13:09:58.881Z" hostname="CodyBontecoum1.local" time="0.925">
  <properties/>
  <testcase name="isClean returns false for dirty repository" classname="com.bontecou.syncmd.services.git.PullServiceTest" time="0.083"/>
  <testcase name="pull succeeds for clean repository" classname="com.bontecou.syncmd.services.git.PullServiceTest" time="0.102"/>
  <testcase name="getChangeCount returns correct number" classname="com.bontecou.syncmd.services.git.PullServiceTest" time="0.112"/>
  <testcase name="getSyncStatus returns ahead and behind counts" classname="com.bontecou.syncmd.services.git.PullServiceTest" time="0.076"/>
  <testcase name="canPull returns true when clean and up-to-date" classname="com.bontecou.syncmd.services.git.PullServiceTest" time="0.077"/>
  <testcase name="canPull returns false when dirty" classname="com.bontecou.syncmd.services.git.PullServiceTest" time="0.078"/>
  <testcase name="fetch succeeds even when dirty" classname="com.bontecou.syncmd.services.git.PullServiceTest" time="0.085"/>
  <testcase name="isClean returns true for clean repository" classname="com.bontecou.syncmd.services.git.PullServiceTest" time="0.078"/>
  <testcase name="planPull returns plan" classname="com.bontecou.syncmd.services.git.PullServiceTest" time="0.082"/>
  <testcase name="getPullBlockingReason returns reason when blocked" classname="com.bontecou.syncmd.services.git.PullServiceTest" time="0.076"/>
  <testcase name="getStatus returns clean repository" classname="com.bontecou.syncmd.services.git.PullServiceTest" time="0.074"/>
  <system-out><![CDATA[]]></system-out>
  <system-err><![CDATA[]]></system-err>
</testsuite>
