<?xml version="1.0" encoding="UTF-8"?>
<testsuite name="com.bontecou.syncmd.domain.repository.PullRepositoryTest" tests="11" skipped="0" failures="0" errors="0" timestamp="2026-03-31T15:04:16.633Z" hostname="CodyBontecoum1.local" time="0.674">
  <properties/>
  <testcase name="planPull detects when behind remote" classname="com.bontecou.syncmd.domain.repository.PullRepositoryTest" time="0.064"/>
  <testcase name="executePull succeeds for clean repository" classname="com.bontecou.syncmd.domain.repository.PullRepositoryTest" time="0.058"/>
  <testcase name="planPull detects when ahead of remote" classname="com.bontecou.syncmd.domain.repository.PullRepositoryTest" time="0.063"/>
  <testcase name="getCommitsAhead returns correct count" classname="com.bontecou.syncmd.domain.repository.PullRepositoryTest" time="0.065"/>
  <testcase name="getStatus detects modified files" classname="com.bontecou.syncmd.domain.repository.PullRepositoryTest" time="0.064"/>
  <testcase name="getCommitsBehind returns correct count" classname="com.bontecou.syncmd.domain.repository.PullRepositoryTest" time="0.063"/>
  <testcase name="fetch works even with dirty working tree" classname="com.bontecou.syncmd.domain.repository.PullRepositoryTest" time="0.063"/>
  <testcase name="planPull returns UP_TO_DATE for clean synchronized repo" classname="com.bontecou.syncmd.domain.repository.PullRepositoryTest" time="0.059"/>
  <testcase name="executePull fails when working tree is dirty" classname="com.bontecou.syncmd.domain.repository.PullRepositoryTest" time="0.058"/>
  <testcase name="planPull blocks when repository is dirty" classname="com.bontecou.syncmd.domain.repository.PullRepositoryTest" time="0.057"/>
  <testcase name="getStatus returns clean repository" classname="com.bontecou.syncmd.domain.repository.PullRepositoryTest" time="0.059"/>
  <system-out><![CDATA[]]></system-out>
  <system-err><![CDATA[]]></system-err>
</testsuite>
