<?xml version="1.0" encoding="UTF-8"?>
<testsuite name="com.bontecou.syncmd.services.git.DiffServiceTest" tests="6" skipped="0" failures="0" errors="0" timestamp="2026-03-31T13:47:54.110Z" hostname="CodyBontecoum1.local" time="0.45">
  <properties/>
  <testcase name="commit with message commits staged files" classname="com.bontecou.syncmd.services.git.DiffServiceTest" time="0.072"/>
  <testcase name="getStatus returns modified files" classname="com.bontecou.syncmd.services.git.DiffServiceTest" time="0.073"/>
  <testcase name="getStatus returns empty list for clean repository" classname="com.bontecou.syncmd.services.git.DiffServiceTest" time="0.07"/>
  <testcase name="stageFile and unstageFile toggle file status" classname="com.bontecou.syncmd.services.git.DiffServiceTest" time="0.073"/>
  <testcase name="getFileDiff returns diff for specific file" classname="com.bontecou.syncmd.services.git.DiffServiceTest" time="0.085"/>
  <testcase name="stageAll stages all modified files" classname="com.bontecou.syncmd.services.git.DiffServiceTest" time="0.077"/>
  <system-out><![CDATA[]]></system-out>
  <system-err><![CDATA[]]></system-err>
</testsuite>
