<?xml version="1.0" encoding="UTF-8"?>
<testsuite name="com.bontecou.syncmd.domain.repository.HistoryRepositoryTest" tests="14" skipped="0" failures="0" errors="0" timestamp="2026-03-31T13:47:50.026Z" hostname="CodyBontecoum1.local" time="1.024">
  <properties/>
  <testcase name="createTag creates new tag" classname="com.bontecou.syncmd.domain.repository.HistoryRepositoryTest" time="0.069"/>
  <testcase name="listStashes shows saved stashes" classname="com.bontecou.syncmd.domain.repository.HistoryRepositoryTest" time="0.07"/>
  <testcase name="getHistory returns list of commits" classname="com.bontecou.syncmd.domain.repository.HistoryRepositoryTest" time="0.066"/>
  <testcase name="stashSave creates new stash" classname="com.bontecou.syncmd.domain.repository.HistoryRepositoryTest" time="0.069"/>
  <testcase name="stashApply applies stash without removing it" classname="com.bontecou.syncmd.domain.repository.HistoryRepositoryTest" time="0.068"/>
  <testcase name="listStashes returns empty list when no stashes" classname="com.bontecou.syncmd.domain.repository.HistoryRepositoryTest" time="0.066"/>
  <testcase name="stashDrop removes stash without applying" classname="com.bontecou.syncmd.domain.repository.HistoryRepositoryTest" time="0.068"/>
  <testcase name="listTags shows created tags" classname="com.bontecou.syncmd.domain.repository.HistoryRepositoryTest" time="0.068"/>
  <testcase name="getHistory respects maxCommits limit" classname="com.bontecou.syncmd.domain.repository.HistoryRepositoryTest" time="0.066"/>
  <testcase name="deleteTag removes tag" classname="com.bontecou.syncmd.domain.repository.HistoryRepositoryTest" time="0.068"/>
  <testcase name="listTags returns empty list when no tags" classname="com.bontecou.syncmd.domain.repository.HistoryRepositoryTest" time="0.065"/>
  <testcase name="getCommit returns specific commit" classname="com.bontecou.syncmd.domain.repository.HistoryRepositoryTest" time="0.071"/>
  <testcase name="stashPop applies and removes stash" classname="com.bontecou.syncmd.domain.repository.HistoryRepositoryTest" time="0.138"/>
  <testcase name="revertCommit with CREATE_NEW_COMMIT creates new commit" classname="com.bontecou.syncmd.domain.repository.HistoryRepositoryTest" time="0.069"/>
  <system-out><![CDATA[]]></system-out>
  <system-err><![CDATA[]]></system-err>
</testsuite>
